Sercurity_final_project/sdk/build/intermediates/manifest_merge_blame_file/debug/manifest-merger-blame-debug-report.txt
1<?xml version="1.0" encoding="utf-8"?>
2<manifest xmlns:android="http://schemas.android.com/apk/res/android"
3    package="org.opencv"
4    android:versionCode="34160"
5    android:versionName="3.4.16" >
6
7    <uses-sdk
8        android:minSdkVersion="14"
8-->sdk\java\AndroidManifest.xml
9        android:targetSdkVersion="32" />
9-->sdk\java\AndroidManifest.xml
10
11</manifest>